<?xml version="1.0" encoding="UTF-8"?>
<!-- Generated by org.testng.reporters.JUnitXMLReporter -->
<testsuite ignored="0" hostname="MA-FON-009-N048" failures="0" tests="2" name="ActivateDigitalInvoice" time="28.446" errors="0" timestamp="28 abr. 2022 16:19:02 GMT">
  <testcase classname="test.ActivateDigitalInvoice" name="NavigateToInvoiceSubscription" time="6.684"/>
  <testcase classname="test.ActivateDigitalInvoice" name="CheckDigitalInvoiceActivation" time="21.678"/>
</testsuite> <!-- ActivateDigitalInvoice -->
