<?xml version="1.0" encoding="UTF-8"?>
<!-- Generated by org.testng.reporters.JUnitXMLReporter -->
<testsuite ignored="0" hostname="MA-FON-009-N048" failures="0" tests="4" name="HelpTutorial" time="32.447" errors="0" timestamp="25 abr. 2022 21:52:27 GMT">
  <testcase classname="test.HelpTutorial" name="TestNavigateToTutorial" time="25.585"/>
  <testcase classname="test.HelpTutorial" name="TestShowTutorial" time="2.103"/>
  <testcase classname="test.HelpTutorial" name="Return" time="0.738"/>
  <testcase classname="test.HelpTutorial" name="TestShowTutorialAgain" time="3.98"/>
</testsuite> <!-- HelpTutorial -->
