<?xml version="1.0" encoding="UTF-8"?>
<!-- Generated by org.testng.reporters.JUnitXMLReporter -->
<testsuite ignored="1" hostname="MA-FON-009-N048" failures="0" tests="2" name="PassPolices" time="3.807" errors="0" timestamp="28 abr. 2022 15:07:12 GMT">
  <testcase classname="test.PassPolices" name="AceptaPoliticasdeUso" time="0.555"/>
  <testcase classname="test.PassPolices" name="AcceptaPermiso" time="2.963"/>
  <testcase classname="test.PassPolices" name="SkipePolices" time="0.0">
    <ignored/>
  </testcase> <!-- SkipePolices -->
</testsuite> <!-- PassPolices -->
