<?xml version="1.0" encoding="UTF-8"?>
<!-- Generated by org.testng.reporters.JUnitXMLReporter -->
<testsuite ignored="0" hostname="MA-FON-009-N048" failures="0" tests="5" name="WelcomeIntro" time="15.411" errors="0" timestamp="25 abr. 2022 21:51:48 GMT">
  <testcase classname="test.WelComeIntro" name="OnBoardingTextOne" time="6.116"/>
  <testcase classname="test.WelComeIntro" name="OnBoardingTextTwo" time="2.188"/>
  <testcase classname="test.WelComeIntro" name="OnBoardingTextThree" time="2.3"/>
  <testcase classname="test.WelComeIntro" name="OnBoardingTextFour" time="2.234"/>
  <testcase classname="test.WelComeIntro" name="OnBoardingTextFive" time="2.493"/>
</testsuite> <!-- WelcomeIntro -->
