<?xml version="1.0" encoding="UTF-8"?>
<!-- Generated by org.testng.reporters.JUnitXMLReporter -->
<testsuite ignored="0" hostname="MA-FON-009-N048" failures="1" tests="1" name="ChatBotPolicesPayments" time="19.389" errors="0" timestamp="25 abr. 2022 22:02:49 GMT">
  <testcase classname="test.ChatBotPolicesPayments" name="FindChatBotPayments" time="19.354">
    <failure type="org.openqa.selenium.NoSuchElementException" message="An element could not be located on the page using the given search parameters.
For documentation on this error, please visit: https://www.seleniumhq.org/exceptions/no_such_element.html
Build info: version: &amp;apos;3.141.59&amp;apos;, revision: &amp;apos;e82be7d358&amp;apos;, time: &amp;apos;2018-11-14T08:17:03&amp;apos;
System info: host: &amp;apos;MA-FON-009-N048&amp;apos;, ip: &amp;apos;192.168.1.17&amp;apos;, os.name: &amp;apos;Windows 10&amp;apos;, os.arch: &amp;apos;amd64&amp;apos;, os.version: &amp;apos;10.0&amp;apos;, java.version: &amp;apos;17.0.2&amp;apos;
Driver info: io.appium.java_client.android.AndroidDriver
Capabilities {appActivity: com.claro.miclaro.view.Spla..., appPackage: com.claro.miclaro, databaseEnabled: false, desired: {appActivity: com.claro.miclaro.view.Spla..., appPackage: com.claro.miclaro, deviceName: Redmi Note 9, newCommandTimeout: 60, platformName: android, platformVersion: 11 RP1A.200720.011, udid: 059297700405}, deviceApiLevel: 30, deviceManufacturer: Xiaomi, deviceModel: M2003J15SC, deviceName: 059297700405, deviceScreenDensity: 440, deviceScreenSize: 1080x2340, deviceUDID: 059297700405, javascriptEnabled: true, locationContextEnabled: false, networkConnectionEnabled: true, newCommandTimeout: 60, pixelRatio: 2.75, platform: LINUX, platformName: Android, platformVersion: 11, statBarHeight: 100, takesScreenshot: true, udid: 059297700405, viewportRect: {height: 2010, left: 0, top: 100, width: 1080}, warnings: {}, webStorageEnabled: false}
Session ID: a31f5eb1-1e86-47e9-8d7c-adfe3ecc929b
*** Element info: {Using=xpath, value=//android.widget.TextView[@text=&amp;apos;Política de uso de Datos&amp;apos;]}">
      <![CDATA[org.openqa.selenium.NoSuchElementException: An element could not be located on the page using the given search parameters.
For documentation on this error, please visit: https://www.seleniumhq.org/exceptions/no_such_element.html
Build info: version: '3.141.59', revision: 'e82be7d358', time: '2018-11-14T08:17:03'
System info: host: 'MA-FON-009-N048', ip: '192.168.1.17', os.name: 'Windows 10', os.arch: 'amd64', os.version: '10.0', java.version: '17.0.2'
Driver info: io.appium.java_client.android.AndroidDriver
Capabilities {appActivity: com.claro.miclaro.view.Spla..., appPackage: com.claro.miclaro, databaseEnabled: false, desired: {appActivity: com.claro.miclaro.view.Spla..., appPackage: com.claro.miclaro, deviceName: Redmi Note 9, newCommandTimeout: 60, platformName: android, platformVersion: 11 RP1A.200720.011, udid: 059297700405}, deviceApiLevel: 30, deviceManufacturer: Xiaomi, deviceModel: M2003J15SC, deviceName: 059297700405, deviceScreenDensity: 440, deviceScreenSize: 1080x2340, deviceUDID: 059297700405, javascriptEnabled: true, locationContextEnabled: false, networkConnectionEnabled: true, newCommandTimeout: 60, pixelRatio: 2.75, platform: LINUX, platformName: Android, platformVersion: 11, statBarHeight: 100, takesScreenshot: true, udid: 059297700405, viewportRect: {height: 2010, left: 0, top: 100, width: 1080}, warnings: {}, webStorageEnabled: false}
Session ID: a31f5eb1-1e86-47e9-8d7c-adfe3ecc929b
*** Element info: {Using=xpath, value=//android.widget.TextView[@text='Política de uso de Datos']}
at org.openqa.selenium.remote.http.W3CHttpResponseCodec.createException(W3CHttpResponseCodec.java:187)
at org.openqa.selenium.remote.http.W3CHttpResponseCodec.decode(W3CHttpResponseCodec.java:122)
at org.openqa.selenium.remote.http.W3CHttpResponseCodec.decode(W3CHttpResponseCodec.java:49)
at org.openqa.selenium.remote.HttpCommandExecutor.execute(HttpCommandExecutor.java:158)
at io.appium.java_client.remote.AppiumCommandExecutor.execute(AppiumCommandExecutor.java:239)
at org.openqa.selenium.remote.RemoteWebDriver.execute(RemoteWebDriver.java:552)
at io.appium.java_client.DefaultGenericMobileDriver.execute(DefaultGenericMobileDriver.java:42)
at io.appium.java_client.AppiumDriver.execute(AppiumDriver.java:1)
at io.appium.java_client.android.AndroidDriver.execute(AndroidDriver.java:1)
at org.openqa.selenium.remote.RemoteWebDriver.findElement(RemoteWebDriver.java:323)
at io.appium.java_client.DefaultGenericMobileDriver.findElement(DefaultGenericMobileDriver.java:62)
at io.appium.java_client.AppiumDriver.findElement(AppiumDriver.java:1)
at io.appium.java_client.android.AndroidDriver.findElement(AndroidDriver.java:1)
at org.openqa.selenium.remote.RemoteWebDriver.findElementByXPath(RemoteWebDriver.java:428)
at io.appium.java_client.DefaultGenericMobileDriver.findElementByXPath(DefaultGenericMobileDriver.java:152)
at io.appium.java_client.AppiumDriver.findElementByXPath(AppiumDriver.java:1)
at io.appium.java_client.android.AndroidDriver.findElementByXPath(AndroidDriver.java:1)
at org.openqa.selenium.By$ByXPath.findElement(By.java:353)
at org.openqa.selenium.remote.RemoteWebDriver.findElement(RemoteWebDriver.java:315)
at io.appium.java_client.DefaultGenericMobileDriver.findElement(DefaultGenericMobileDriver.java:58)
at io.appium.java_client.AppiumDriver.findElement(AppiumDriver.java:1)
at io.appium.java_client.android.AndroidDriver.findElement(AndroidDriver.java:1)
at test.ChatBotPolicesPayments.FindChatBotPayments(ChatBotPolicesPayments.java:37)
... Removed 29 stack frames]]>
    </failure>
  </testcase> <!-- FindChatBotPayments -->
</testsuite> <!-- ChatBotPolicesPayments -->
