<?xml version="1.0" encoding="UTF-8"?>
<!-- Generated by org.testng.reporters.JUnitXMLReporter -->
<testsuite ignored="2" hostname="MA-FON-009-N048" failures="0" tests="1" name="PassPolices2" time="0.216" errors="0" timestamp="25 abr. 2022 22:02:30 GMT">
  <testcase classname="test.PassPolices" name="SkipePolices" time="0.196"/>
  <testcase classname="test.PassPolices" name="AceptaPoliticasdeUso" time="0.0">
    <ignored/>
  </testcase> <!-- AceptaPoliticasdeUso -->
  <testcase classname="test.PassPolices" name="AcceptaPermiso" time="0.0">
    <ignored/>
  </testcase> <!-- AcceptaPermiso -->
</testsuite> <!-- PassPolices2 -->
