<?xml version="1.0" encoding="UTF-8"?>
<!-- Generated by org.testng.reporters.JUnitXMLReporter -->
<testsuite ignored="0" hostname="MA-FON-009-N048" failures="3" tests="3" name="Global" time="0.034" errors="0" timestamp="18 mar. 2022 16:57:46 GMT">
  <testcase classname="test.OnBoarding" name="PoliticasAcceso" time="0.015">
    <failure type="java.lang.NullPointerException" message="Cannot invoke &amp;quot;io.appium.java_client.AppiumDriver.findElement(org.openqa.selenium.By)&amp;quot; because &amp;quot;this.driver&amp;quot; is null">
      <![CDATA[java.lang.NullPointerException: Cannot invoke "io.appium.java_client.AppiumDriver.findElement(org.openqa.selenium.By)" because "this.driver" is null
at test.OnBoarding.PoliticasAcceso(OnBoarding.java:21)
... Removed 25 stack frames]]>
    </failure>
  </testcase> <!-- PoliticasAcceso -->
  <testcase classname="test.OnBoarding" name="Ubicacion" time="0.001">
    <failure type="java.lang.NullPointerException" message="Cannot invoke &amp;quot;io.appium.java_client.AppiumDriver.findElement(org.openqa.selenium.By)&amp;quot; because &amp;quot;this.driver&amp;quot; is null">
      <![CDATA[java.lang.NullPointerException: Cannot invoke "io.appium.java_client.AppiumDriver.findElement(org.openqa.selenium.By)" because "this.driver" is null
at test.OnBoarding.Ubicacion(OnBoarding.java:43)
... Removed 25 stack frames]]>
    </failure>
  </testcase> <!-- Ubicacion -->
  <testcase classname="test.Login" name="LoginMiClaro" time="0.001">
    <failure type="java.lang.NullPointerException" message="Cannot invoke &amp;quot;io.appium.java_client.AppiumDriver.findElementByXPath(String)&amp;quot; because &amp;quot;this.driver&amp;quot; is null">
      <![CDATA[java.lang.NullPointerException: Cannot invoke "io.appium.java_client.AppiumDriver.findElementByXPath(String)" because "this.driver" is null
at test.Login.LoginMiClaro(Login.java:25)
... Removed 25 stack frames]]>
    </failure>
  </testcase> <!-- LoginMiClaro -->
</testsuite> <!-- Global -->
