<?xml version="1.0" encoding="UTF-8"?>
<!-- Generated by org.testng.reporters.JUnitXMLReporter -->
<testsuite ignored="5" hostname="MA-FON-009-N048" failures="2" tests="2" name="Regression" time="0.03" errors="0" timestamp="18 mar. 2022 15:51:09 GMT">
  <testcase classname="test.OnBoarding" name="@AfterTest AfterTestPolicitas" time="0.0">
    <failure type="java.lang.NullPointerException" message="Cannot invoke &amp;quot;io.appium.java_client.AppiumDriver.findElement(org.openqa.selenium.By)&amp;quot; because &amp;quot;this.driver&amp;quot; is null">
      <![CDATA[java.lang.NullPointerException: Cannot invoke "io.appium.java_client.AppiumDriver.findElement(org.openqa.selenium.By)" because "this.driver" is null
at test.OnBoarding.AfterTestPolicitas(OnBoarding.java:29)
... Removed 24 stack frames]]>
    </failure>
  </testcase> <!-- @AfterTest AfterTestPolicitas -->
  <testcase classname="test.OnBoarding" name="PoliticasAcceso" time="0.006">
    <failure type="java.lang.NullPointerException" message="Cannot invoke &amp;quot;io.appium.java_client.AppiumDriver.findElement(org.openqa.selenium.By)&amp;quot; because &amp;quot;this.driver&amp;quot; is null">
      <![CDATA[java.lang.NullPointerException: Cannot invoke "io.appium.java_client.AppiumDriver.findElement(org.openqa.selenium.By)" because "this.driver" is null
at test.OnBoarding.PoliticasAcceso(OnBoarding.java:21)
... Removed 25 stack frames]]>
    </failure>
  </testcase> <!-- PoliticasAcceso -->
  <testcase classname="test.Login" name="LoginMiClaro" time="0.001">
    <failure type="java.lang.NullPointerException" message="Cannot invoke &amp;quot;io.appium.java_client.AppiumDriver.findElementByXPath(String)&amp;quot; because &amp;quot;this.driver&amp;quot; is null">
      <![CDATA[java.lang.NullPointerException: Cannot invoke "io.appium.java_client.AppiumDriver.findElementByXPath(String)" because "this.driver" is null
at test.Login.LoginMiClaro(Login.java:25)
... Removed 25 stack frames]]>
    </failure>
  </testcase> <!-- LoginMiClaro -->
  <testcase classname="test.BaseClass" name="@AfterSuite TearDown" time="0.0">
    <ignored/>
  </testcase> <!-- @AfterSuite TearDown -->
  <testcase classname="test.BaseClass" name="@AfterSuite TearDown" time="0.0">
    <ignored/>
  </testcase> <!-- @AfterSuite TearDown -->
  <testcase classname="test.BaseClass" name="@BeforeSuite SetUp" time="0.0">
    <ignored/>
  </testcase> <!-- @BeforeSuite SetUp -->
  <testcase classname="test.BaseClass" name="@BeforeSuite SetUp" time="0.0">
    <ignored/>
  </testcase> <!-- @BeforeSuite SetUp -->
  <testcase classname="test.OnBoarding" name="Ubicacion" time="0.0">
    <ignored/>
  </testcase> <!-- Ubicacion -->
</testsuite> <!-- Regression -->
