<?xml version="1.0" encoding="UTF-8"?>
<!-- Generated by org.testng.reporters.JUnitXMLReporter -->
<testsuite ignored="0" hostname="MA-FON-009-N048" failures="1" tests="1" name="ChatBotPolicesPayments" time="17.908" errors="0" timestamp="21 abr. 2022 23:57:45 GMT">
  <testcase classname="test.ChatBotPolicesPayments" name="FindChatBotPayments" time="17.854">
    <failure type="org.openqa.selenium.NoSuchElementException" message="An element could not be located on the page using the given search parameters.
For documentation on this error, please visit: https://www.seleniumhq.org/exceptions/no_such_element.html
Build info: version: &amp;apos;3.141.59&amp;apos;, revision: &amp;apos;e82be7d358&amp;apos;, time: &amp;apos;2018-11-14T08:17:03&amp;apos;
System info: host: &amp;apos;MA-FON-009-N048&amp;apos;, ip: &amp;apos;192.168.1.17&amp;apos;, os.name: &amp;apos;Windows 10&amp;apos;, os.arch: &amp;apos;amd64&amp;apos;, os.version: &amp;apos;10.0&amp;apos;, java.version: &amp;apos;17.0.2&amp;apos;
Driver info: io.appium.java_client.android.AndroidDriver
Capabilities {appActivity: com.claro.miclaro.view.Spla..., appPackage: com.claro.miclaro, databaseEnabled: false, desired: {appActivity: com.claro.miclaro.view.Spla..., appPackage: com.claro.miclaro, deviceName: Redmi Note 9, newCommandTimeout: 60, platformName: android, platformVersion: 11 RP1A.200720.011, udid: 059297700405}, deviceApiLevel: 30, deviceManufacturer: Xiaomi, deviceModel: M2003J15SC, deviceName: 059297700405, deviceScreenDensity: 440, deviceScreenSize: 1080x2340, deviceUDID: 059297700405, javascriptEnabled: true, locationContextEnabled: false, networkConnectionEnabled: true, newCommandTimeout: 60, pixelRatio: 2.75, platform: LINUX, platformName: Android, platformVersion: 11, statBarHeight: 100, takesScreenshot: true, udid: 059297700405, viewportRect: {height: 2010, left: 0, top: 100, width: 1080}, warnings: {}, webStorageEnabled: false}
Session ID: d16e132d-8057-4fc9-b0cc-6a2e5a6d471a
*** Element info: {Using=-android uiautomator, value=new UiScrollable(new UiSelector().scrollable(true).classNameMatches(&amp;quot;android.widget.HorizontalScrollView&amp;quot;)).setAsHorizontalList().scrollIntoView(new UiSelector().textContains(&amp;quot;Arma tu Prepago&amp;quot;))}">
      <![CDATA[org.openqa.selenium.NoSuchElementException: An element could not be located on the page using the given search parameters.
For documentation on this error, please visit: https://www.seleniumhq.org/exceptions/no_such_element.html
Build info: version: '3.141.59', revision: 'e82be7d358', time: '2018-11-14T08:17:03'
System info: host: 'MA-FON-009-N048', ip: '192.168.1.17', os.name: 'Windows 10', os.arch: 'amd64', os.version: '10.0', java.version: '17.0.2'
Driver info: io.appium.java_client.android.AndroidDriver
Capabilities {appActivity: com.claro.miclaro.view.Spla..., appPackage: com.claro.miclaro, databaseEnabled: false, desired: {appActivity: com.claro.miclaro.view.Spla..., appPackage: com.claro.miclaro, deviceName: Redmi Note 9, newCommandTimeout: 60, platformName: android, platformVersion: 11 RP1A.200720.011, udid: 059297700405}, deviceApiLevel: 30, deviceManufacturer: Xiaomi, deviceModel: M2003J15SC, deviceName: 059297700405, deviceScreenDensity: 440, deviceScreenSize: 1080x2340, deviceUDID: 059297700405, javascriptEnabled: true, locationContextEnabled: false, networkConnectionEnabled: true, newCommandTimeout: 60, pixelRatio: 2.75, platform: LINUX, platformName: Android, platformVersion: 11, statBarHeight: 100, takesScreenshot: true, udid: 059297700405, viewportRect: {height: 2010, left: 0, top: 100, width: 1080}, warnings: {}, webStorageEnabled: false}
Session ID: d16e132d-8057-4fc9-b0cc-6a2e5a6d471a
*** Element info: {Using=-android uiautomator, value=new UiScrollable(new UiSelector().scrollable(true).classNameMatches("android.widget.HorizontalScrollView")).setAsHorizontalList().scrollIntoView(new UiSelector().textContains("Arma tu Prepago"))}
at org.openqa.selenium.remote.http.W3CHttpResponseCodec.createException(W3CHttpResponseCodec.java:187)
at org.openqa.selenium.remote.http.W3CHttpResponseCodec.decode(W3CHttpResponseCodec.java:122)
at org.openqa.selenium.remote.http.W3CHttpResponseCodec.decode(W3CHttpResponseCodec.java:49)
at org.openqa.selenium.remote.HttpCommandExecutor.execute(HttpCommandExecutor.java:158)
at io.appium.java_client.remote.AppiumCommandExecutor.execute(AppiumCommandExecutor.java:239)
at org.openqa.selenium.remote.RemoteWebDriver.execute(RemoteWebDriver.java:552)
at io.appium.java_client.DefaultGenericMobileDriver.execute(DefaultGenericMobileDriver.java:42)
at io.appium.java_client.AppiumDriver.execute(AppiumDriver.java:1)
at io.appium.java_client.android.AndroidDriver.execute(AndroidDriver.java:1)
at org.openqa.selenium.remote.RemoteWebDriver.findElement(RemoteWebDriver.java:323)
at io.appium.java_client.DefaultGenericMobileDriver.findElement(DefaultGenericMobileDriver.java:62)
at io.appium.java_client.AppiumDriver.findElement(AppiumDriver.java:1)
at io.appium.java_client.android.AndroidDriver.findElement(AndroidDriver.java:1)
at io.appium.java_client.FindsByAndroidUIAutomator.findElementByAndroidUIAutomator(FindsByAndroidUIAutomator.java:38)
at test.ChatBotPolicesPayments.FindChatBotPayments(ChatBotPolicesPayments.java:29)
... Removed 29 stack frames]]>
    </failure>
  </testcase> <!-- FindChatBotPayments -->
</testsuite> <!-- ChatBotPolicesPayments -->
