<?xml version="1.0" encoding="UTF-8"?>
<!-- Generated by org.testng.reporters.JUnitXMLReporter -->
<testsuite ignored="4" hostname="MA-FON-009-N048" failures="0" tests="3" name="HN" time="0.005" errors="0" timestamp="18 mar. 2022 22:43:32 GMT">
  <testcase classname="test.OnBoarding" name="PoliticasAcceso" time="0.0"/>
  <testcase classname="test.OnBoarding" name="Ubicacion" time="0.0"/>
  <testcase classname="test.Login" name="LoginMiClaro" time="0.0"/>
  <testcase classname="test.BaseClass" name="@AfterSuite TearDown" time="0.0">
    <ignored/>
  </testcase> <!-- @AfterSuite TearDown -->
  <testcase classname="test.BaseClass" name="@AfterSuite TearDown" time="0.0">
    <ignored/>
  </testcase> <!-- @AfterSuite TearDown -->
  <testcase classname="test.BaseClass" name="@BeforeSuite SetUp" time="0.0">
    <ignored/>
  </testcase> <!-- @BeforeSuite SetUp -->
  <testcase classname="test.BaseClass" name="@BeforeSuite SetUp" time="0.0">
    <ignored/>
  </testcase> <!-- @BeforeSuite SetUp -->
</testsuite> <!-- HN -->
