<?xml version="1.0" encoding="UTF-8"?>
<!-- Generated by org.testng.reporters.JUnitXMLReporter -->
<testsuite ignored="2" hostname="MA-FON-009-N048" failures="2" tests="3" name="NI" time="0.749" errors="0" timestamp="25 mar. 2022 21:23:35 GMT">
  <testcase classname="test.OnBoarding" name="PoliticasAcceso" time="0.0">
    <skipped/>
  </testcase> <!-- PoliticasAcceso -->
  <testcase classname="test.OnBoarding" name="Ubicacion" time="0.109">
    <failure type="java.lang.NullPointerException" message="Cannot invoke &amp;quot;io.appium.java_client.android.AndroidDriver.findElement(org.openqa.selenium.By)&amp;quot; because &amp;quot;this.Android&amp;quot; is null">
      <![CDATA[java.lang.NullPointerException: Cannot invoke "io.appium.java_client.android.AndroidDriver.findElement(org.openqa.selenium.By)" because "this.Android" is null
at test.OnBoarding.Ubicacion(OnBoarding.java:49)
... Removed 25 stack frames]]>
    </failure>
  </testcase> <!-- Ubicacion -->
  <testcase classname="test.Login" name="LoginMiClaro" time="0.002">
    <failure type="java.lang.NullPointerException" message="Cannot invoke &amp;quot;io.appium.java_client.android.AndroidDriver.findElementByXPath(String)&amp;quot; because &amp;quot;this.Android&amp;quot; is null">
      <![CDATA[java.lang.NullPointerException: Cannot invoke "io.appium.java_client.android.AndroidDriver.findElementByXPath(String)" because "this.Android" is null
at test.Login.LoginMiClaro(Login.java:36)
... Removed 25 stack frames]]>
    </failure>
  </testcase> <!-- LoginMiClaro -->
  <testcase classname="test.BaseClass" name="@AfterSuite TearDown" time="0.0">
    <ignored/>
  </testcase> <!-- @AfterSuite TearDown -->
  <testcase classname="test.BaseClass" name="@BeforeSuite SetUp" time="0.0">
    <ignored/>
  </testcase> <!-- @BeforeSuite SetUp -->
</testsuite> <!-- NI -->
