<?xml version="1.0" encoding="UTF-8"?>
<!-- Generated by org.testng.reporters.JUnitXMLReporter -->
<testsuite ignored="2" hostname="MA-FON-009-N048" failures="2" tests="3" name="NI2" time="10.899" errors="0" timestamp="25 mar. 2022 21:23:46 GMT">
  <testcase classname="test.OnBoarding" name="PoliticasAcceso" time="0.0">
    <skipped/>
  </testcase> <!-- PoliticasAcceso -->
  <testcase classname="test.OnBoarding" name="Ubicacion" time="10.546">
    <failure type="org.openqa.selenium.NoSuchElementException" message="An element could not be located on the page using the given search parameters.
For documentation on this error, please visit: https://www.seleniumhq.org/exceptions/no_such_element.html
Build info: version: &amp;apos;3.141.59&amp;apos;, revision: &amp;apos;e82be7d358&amp;apos;, time: &amp;apos;2018-11-14T08:17:03&amp;apos;
System info: host: &amp;apos;MA-FON-009-N048&amp;apos;, ip: &amp;apos;192.168.1.17&amp;apos;, os.name: &amp;apos;Windows 10&amp;apos;, os.arch: &amp;apos;amd64&amp;apos;, os.version: &amp;apos;10.0&amp;apos;, java.version: &amp;apos;17.0.2&amp;apos;
Driver info: io.appium.java_client.android.AndroidDriver
Capabilities {appActivity: com.claro.miclaro.view.Spla..., appPackage: com.claro.miclaro, automationName: UiAutomator2, databaseEnabled: false, desired: {appActivity: com.claro.miclaro.view.Spla..., appPackage: com.claro.miclaro, automationName: UiAutomator2, deviceName: Redmi Note 9, newCommandTimeout: 60, platformName: android, platformVersion: 11 RP1A.200720.011, udid: 059297700405}, deviceApiLevel: 30, deviceManufacturer: Xiaomi, deviceModel: M2003J15SC, deviceName: 059297700405, deviceScreenDensity: 440, deviceScreenSize: 1080x2340, deviceUDID: 059297700405, javascriptEnabled: true, locationContextEnabled: false, networkConnectionEnabled: true, newCommandTimeout: 60, pixelRatio: 2.75, platform: LINUX, platformName: Android, platformVersion: 11, statBarHeight: 100, takesScreenshot: true, udid: 059297700405, viewportRect: {height: 2010, left: 0, top: 100, width: 1080}, warnings: {}, webStorageEnabled: false}
Session ID: 4eccf3ca-6fe0-44dc-8950-819b671ff670
*** Element info: {Using=id, value=com.claro.miclaro:id/txv_country_name}">
      <![CDATA[org.openqa.selenium.NoSuchElementException: An element could not be located on the page using the given search parameters.
For documentation on this error, please visit: https://www.seleniumhq.org/exceptions/no_such_element.html
Build info: version: '3.141.59', revision: 'e82be7d358', time: '2018-11-14T08:17:03'
System info: host: 'MA-FON-009-N048', ip: '192.168.1.17', os.name: 'Windows 10', os.arch: 'amd64', os.version: '10.0', java.version: '17.0.2'
Driver info: io.appium.java_client.android.AndroidDriver
Capabilities {appActivity: com.claro.miclaro.view.Spla..., appPackage: com.claro.miclaro, automationName: UiAutomator2, databaseEnabled: false, desired: {appActivity: com.claro.miclaro.view.Spla..., appPackage: com.claro.miclaro, automationName: UiAutomator2, deviceName: Redmi Note 9, newCommandTimeout: 60, platformName: android, platformVersion: 11 RP1A.200720.011, udid: 059297700405}, deviceApiLevel: 30, deviceManufacturer: Xiaomi, deviceModel: M2003J15SC, deviceName: 059297700405, deviceScreenDensity: 440, deviceScreenSize: 1080x2340, deviceUDID: 059297700405, javascriptEnabled: true, locationContextEnabled: false, networkConnectionEnabled: true, newCommandTimeout: 60, pixelRatio: 2.75, platform: LINUX, platformName: Android, platformVersion: 11, statBarHeight: 100, takesScreenshot: true, udid: 059297700405, viewportRect: {height: 2010, left: 0, top: 100, width: 1080}, warnings: {}, webStorageEnabled: false}
Session ID: 4eccf3ca-6fe0-44dc-8950-819b671ff670
*** Element info: {Using=id, value=com.claro.miclaro:id/txv_country_name}
at org.openqa.selenium.remote.http.W3CHttpResponseCodec.createException(W3CHttpResponseCodec.java:187)
at org.openqa.selenium.remote.http.W3CHttpResponseCodec.decode(W3CHttpResponseCodec.java:122)
at org.openqa.selenium.remote.http.W3CHttpResponseCodec.decode(W3CHttpResponseCodec.java:49)
at org.openqa.selenium.remote.HttpCommandExecutor.execute(HttpCommandExecutor.java:158)
at io.appium.java_client.remote.AppiumCommandExecutor.execute(AppiumCommandExecutor.java:239)
at org.openqa.selenium.remote.RemoteWebDriver.execute(RemoteWebDriver.java:552)
at io.appium.java_client.DefaultGenericMobileDriver.execute(DefaultGenericMobileDriver.java:42)
at io.appium.java_client.AppiumDriver.execute(AppiumDriver.java:1)
at io.appium.java_client.android.AndroidDriver.execute(AndroidDriver.java:1)
at org.openqa.selenium.remote.RemoteWebDriver.findElement(RemoteWebDriver.java:323)
at io.appium.java_client.DefaultGenericMobileDriver.findElement(DefaultGenericMobileDriver.java:62)
at io.appium.java_client.AppiumDriver.findElement(AppiumDriver.java:1)
at io.appium.java_client.android.AndroidDriver.findElement(AndroidDriver.java:1)
at org.openqa.selenium.remote.RemoteWebDriver.findElementById(RemoteWebDriver.java:372)
at io.appium.java_client.DefaultGenericMobileDriver.findElementById(DefaultGenericMobileDriver.java:70)
at io.appium.java_client.AppiumDriver.findElementById(AppiumDriver.java:1)
at io.appium.java_client.android.AndroidDriver.findElementById(AndroidDriver.java:1)
at org.openqa.selenium.By$ById.findElement(By.java:188)
at org.openqa.selenium.remote.RemoteWebDriver.findElement(RemoteWebDriver.java:315)
at io.appium.java_client.DefaultGenericMobileDriver.findElement(DefaultGenericMobileDriver.java:58)
at io.appium.java_client.AppiumDriver.findElement(AppiumDriver.java:1)
at io.appium.java_client.android.AndroidDriver.findElement(AndroidDriver.java:1)
at test.OnBoarding.Ubicacion(OnBoarding.java:49)
... Removed 30 stack frames]]>
    </failure>
  </testcase> <!-- Ubicacion -->
  <testcase classname="test.Login" name="LoginMiClaro" time="0.002">
    <failure type="java.lang.NullPointerException" message="Cannot invoke &amp;quot;io.appium.java_client.android.AndroidDriver.findElementByXPath(String)&amp;quot; because &amp;quot;this.Android&amp;quot; is null">
      <![CDATA[java.lang.NullPointerException: Cannot invoke "io.appium.java_client.android.AndroidDriver.findElementByXPath(String)" because "this.Android" is null
at test.Login.LoginMiClaro(Login.java:36)
... Removed 25 stack frames]]>
    </failure>
  </testcase> <!-- LoginMiClaro -->
  <testcase classname="test.BaseClass" name="@AfterSuite TearDown" time="0.0">
    <ignored/>
  </testcase> <!-- @AfterSuite TearDown -->
  <testcase classname="test.BaseClass" name="@BeforeSuite SetUp" time="0.0">
    <ignored/>
  </testcase> <!-- @BeforeSuite SetUp -->
</testsuite> <!-- NI2 -->
