<?xml version="1.0" encoding="UTF-8"?>
<!-- Generated by org.testng.reporters.JUnitXMLReporter -->
<testsuite ignored="1" hostname="MA-FON-009-N048" failures="0" tests="2" name="PassPolices" time="2.47" errors="0" timestamp="21 abr. 2022 23:56:46 GMT">
  <testcase classname="test.PassPolices" name="SkipePolices" time="0.223"/>
  <testcase classname="test.PassPolices" name="AcceptaPermiso" time="2.166"/>
  <testcase classname="test.PassPolices" name="AceptaPoliticasdeUso" time="0.0">
    <ignored/>
  </testcase> <!-- AceptaPoliticasdeUso -->
</testsuite> <!-- PassPolices -->
