<?xml version="1.0" encoding="UTF-8"?>
<testng-results ignored="1" total="9" passed="8" failed="0" skipped="0">
  <reporter-output>
  </reporter-output>
  <suite started-at="2022-04-28T16:17:40Z" name="Invoice" finished-at="2022-04-28T16:19:02Z" duration-ms="82335">
    <groups>
      <group name="PassPolices">
        <method signature="PassPolices.AcceptaPermiso(java.lang.String)[pri:3, instance:test.PassPolices@1be2019a]" name="AcceptaPermiso" class="test.PassPolices"/>
        <method signature="PassPolices.AceptaPoliticasdeUso(java.lang.String)[pri:1, instance:test.PassPolices@1be2019a]" name="AceptaPoliticasdeUso" class="test.PassPolices"/>
      </group> <!-- PassPolices -->
      <group name="Country">
        <method signature="CountrySelect.Ubicacion(java.lang.String, java.lang.String, java.lang.String, java.lang.String)[pri:1, instance:test.CountrySelect@41330d4f]" name="Ubicacion" class="test.CountrySelect"/>
      </group> <!-- Country -->
      <group name="Login">
        <method signature="Login.LoginMiClaro(java.lang.String, java.lang.String, java.lang.String, java.lang.String, java.lang.String, java.lang.String)[pri:1, instance:test.Login@49c90a9c]" name="LoginMiClaro" class="test.Login"/>
      </group> <!-- Login -->
      <group name="PassIntro">
        <method signature="PassWelcomeIntro.Ubicacion(java.lang.String)[pri:1, instance:test.PassWelcomeIntro@798162bc]" name="Ubicacion" class="test.PassWelcomeIntro"/>
      </group> <!-- PassIntro -->
    </groups>
    <test started-at="2022-04-28T16:17:40Z" name="PassPolices" finished-at="2022-04-28T16:17:43Z" duration-ms="3606">
      <class name="test.PassPolices">
        <test-method is-config="true" signature="Init()[pri:0, instance:test.PassPolices@1be2019a]" started-at="2022-04-28T16:17:40Z" name="Init" finished-at="2022-04-28T16:17:40Z" duration-ms="3" status="PASS">
          <reporter-output>
          </reporter-output>
        </test-method> <!-- Init -->
        <test-method signature="AceptaPoliticasdeUso(java.lang.String)[pri:1, instance:test.PassPolices@1be2019a]" started-at="2022-04-28T16:17:40Z" name="AceptaPoliticasdeUso" data-provider="AccepButttonProvider" finished-at="2022-04-28T16:17:40Z" duration-ms="398" status="PASS">
          <params>
            <param index="0">
              <value>
                <![CDATA[//android.widget.Button[@text='Aceptar']]]>
              </value>
            </param>
          </params>
          <reporter-output>
          </reporter-output>
        </test-method> <!-- AceptaPoliticasdeUso -->
        <test-method is-config="true" signature="afterMethod(org.testng.ITestResult)[pri:0, instance:test.PassPolices@1be2019a]" started-at="2022-04-28T16:17:40Z" name="afterMethod" finished-at="2022-04-28T16:17:41Z" duration-ms="189" status="PASS">
          <params>
            <param index="0">
              <value>
                <![CDATA[[TestResult name=AceptaPoliticasdeUso status=SUCCESS method=PassPolices.AceptaPoliticasdeUso(java.lang.String)[pri:1, instance:test.PassPolices@1be2019a] output={null}]]]>
              </value>
            </param>
          </params>
          <reporter-output>
          </reporter-output>
        </test-method> <!-- afterMethod -->
        <test-method signature="AcceptaPermiso(java.lang.String)[pri:3, instance:test.PassPolices@1be2019a]" started-at="2022-04-28T16:17:41Z" name="AcceptaPermiso" data-provider="AcceptPermissions" finished-at="2022-04-28T16:17:43Z" duration-ms="2760" status="PASS">
          <params>
            <param index="0">
              <value>
                <![CDATA[//android.widget.Button[@text='PERMITIR']]]>
              </value>
            </param>
          </params>
          <reporter-output>
          </reporter-output>
        </test-method> <!-- AcceptaPermiso -->
        <test-method is-config="true" signature="afterMethod(org.testng.ITestResult)[pri:0, instance:test.PassPolices@1be2019a]" started-at="2022-04-28T16:17:43Z" name="afterMethod" finished-at="2022-04-28T16:17:43Z" duration-ms="34" status="PASS">
          <params>
            <param index="0">
              <value>
                <![CDATA[[TestResult name=AcceptaPermiso status=SUCCESS method=PassPolices.AcceptaPermiso(java.lang.String)[pri:3, instance:test.PassPolices@1be2019a] output={null}]]]>
              </value>
            </param>
          </params>
          <reporter-output>
          </reporter-output>
        </test-method> <!-- afterMethod -->
      </class> <!-- test.PassPolices -->
    </test> <!-- PassPolices -->
    <test started-at="2022-04-28T16:17:43Z" name="CountrySelect" finished-at="2022-04-28T16:17:49Z" duration-ms="6021">
      <class name="test.CountrySelect">
        <test-method signature="Ubicacion(java.lang.String, java.lang.String, java.lang.String, java.lang.String)[pri:1, instance:test.CountrySelect@41330d4f]" started-at="2022-04-28T16:17:43Z" name="Ubicacion" data-provider="ActionsCountrySelectProvider" finished-at="2022-04-28T16:17:49Z" duration-ms="5959" status="PASS">
          <params>
            <param index="0">
              <value>
                <![CDATA[//android.widget.TextView[@text='Ubicación']]]>
              </value>
            </param>
            <param index="1">
              <value>
                <![CDATA[com.claro.miclaro:id/txv_country_name]]>
              </value>
            </param>
            <param index="2">
              <value>
                <![CDATA[//android.widget.Button[@text='Confirmar']]]>
              </value>
            </param>
            <param index="3">
              <value>
                <![CDATA[//android.widget.TextView[@text='Nicaragua']]]>
              </value>
            </param>
          </params>
          <reporter-output>
          </reporter-output>
        </test-method> <!-- Ubicacion -->
        <test-method is-config="true" signature="afterMethod(org.testng.ITestResult)[pri:0, instance:test.CountrySelect@41330d4f]" started-at="2022-04-28T16:17:49Z" name="afterMethod" finished-at="2022-04-28T16:17:49Z" duration-ms="25" status="PASS">
          <params>
            <param index="0">
              <value>
                <![CDATA[[TestResult name=Ubicacion status=SUCCESS method=CountrySelect.Ubicacion(java.lang.String, java.lang.String, java.lang.String, java.lang.String)[pri:1, instance:test.CountrySelect@41330d4f] output={null}]]]>
              </value>
            </param>
          </params>
          <reporter-output>
          </reporter-output>
        </test-method> <!-- afterMethod -->
      </class> <!-- test.CountrySelect -->
    </test> <!-- CountrySelect -->
    <test started-at="2022-04-28T16:17:49Z" name="PassWelcomeIntro" finished-at="2022-04-28T16:17:55Z" duration-ms="5396">
      <class name="test.PassWelcomeIntro">
        <test-method signature="Ubicacion(java.lang.String)[pri:1, instance:test.PassWelcomeIntro@798162bc]" started-at="2022-04-28T16:17:49Z" name="Ubicacion" data-provider="SkipeIntroProvider" finished-at="2022-04-28T16:17:55Z" duration-ms="5357" status="PASS">
          <params>
            <param index="0">
              <value>
                <![CDATA[com.claro.miclaro:id/lblWelcomeSkipIntro]]>
              </value>
            </param>
          </params>
          <reporter-output>
          </reporter-output>
        </test-method> <!-- Ubicacion -->
        <test-method is-config="true" signature="afterMethod(org.testng.ITestResult)[pri:0, instance:test.PassWelcomeIntro@798162bc]" started-at="2022-04-28T16:17:55Z" name="afterMethod" finished-at="2022-04-28T16:17:55Z" duration-ms="31" status="PASS">
          <params>
            <param index="0">
              <value>
                <![CDATA[[TestResult name=Ubicacion status=SUCCESS method=PassWelcomeIntro.Ubicacion(java.lang.String)[pri:1, instance:test.PassWelcomeIntro@798162bc] output={null}]]]>
              </value>
            </param>
          </params>
          <reporter-output>
          </reporter-output>
        </test-method> <!-- afterMethod -->
      </class> <!-- test.PassWelcomeIntro -->
    </test> <!-- PassWelcomeIntro -->
    <test started-at="2022-04-28T16:17:55Z" name="Login" finished-at="2022-04-28T16:18:02Z" duration-ms="7441">
      <class name="test.Login">
        <test-method signature="LoginMiClaro(java.lang.String, java.lang.String, java.lang.String, java.lang.String, java.lang.String, java.lang.String)[pri:1, instance:test.Login@49c90a9c]" started-at="2022-04-28T16:17:55Z" name="LoginMiClaro" data-provider="DataLogin" finished-at="2022-04-28T16:18:02Z" duration-ms="7376" status="PASS">
          <params>
            <param index="0">
              <value>
                <![CDATA[scarmelendez@gmail.com]]>
              </value>
            </param>
            <param index="1">
              <value>
                <![CDATA[Eloyscar5]]>
              </value>
            </param>
            <param index="2">
              <value>
                <![CDATA[//android.widget.TextView[@text='Iniciar Sesión']]]>
              </value>
            </param>
            <param index="3">
              <value>
                <![CDATA[//android.widget.EditText[@text='Correo Electrónico']]]>
              </value>
            </param>
            <param index="4">
              <value>
                <![CDATA[//android.widget.EditText[@text='Contraseña']]]>
              </value>
            </param>
            <param index="5">
              <value>
                <![CDATA[//android.widget.Button[@text='Ingresar']]]>
              </value>
            </param>
          </params>
          <reporter-output>
          </reporter-output>
        </test-method> <!-- LoginMiClaro -->
        <test-method is-config="true" signature="afterMethod(org.testng.ITestResult)[pri:0, instance:test.Login@49c90a9c]" started-at="2022-04-28T16:18:02Z" name="afterMethod" finished-at="2022-04-28T16:18:02Z" duration-ms="28" status="PASS">
          <params>
            <param index="0">
              <value>
                <![CDATA[[TestResult name=LoginMiClaro status=SUCCESS method=Login.LoginMiClaro(java.lang.String, java.lang.String, java.lang.String, java.lang.String, java.lang.String, java.lang.String)[pri:1, instance:test.Login@49c90a9c] output={null}]]]>
              </value>
            </param>
          </params>
          <reporter-output>
          </reporter-output>
        </test-method> <!-- afterMethod -->
      </class> <!-- test.Login -->
    </test> <!-- Login -->
    <test started-at="2022-04-28T16:18:02Z" name="PrePaymentInvoice" finished-at="2022-04-28T16:18:34Z" duration-ms="31373">
      <class name="test.PrepaymentInvoice">
        <test-method signature="CheckPrepaymentsInvoice(java.lang.String, java.lang.String, java.lang.String, java.lang.String)[pri:1, instance:test.PrepaymentInvoice@9816741]" started-at="2022-04-28T16:18:02Z" name="CheckPrepaymentsInvoice" data-provider="CheckPrepaymentsInvoiceProvider" finished-at="2022-04-28T16:18:34Z" duration-ms="31327" status="PASS">
          <params>
            <param index="0">
              <value>
                <![CDATA[//android.view.ViewGroup/android.view.ViewGroup[1]/android.view.ViewGroup/android.widget.ImageView[2]]]>
              </value>
            </param>
            <param index="1">
              <value>
                <![CDATA[//android.widget.FrameLayout[@content-desc='Pagos']/android.widget.FrameLayout/android.widget.ImageView]]>
              </value>
            </param>
            <param index="2">
              <value>
                <![CDATA[//android.widget.TextView[@text='Mi Factura']]]>
              </value>
            </param>
            <param index="3">
              <value>
                <![CDATA[com.claro.miclaro:id/balancesTitle]]>
              </value>
            </param>
          </params>
          <reporter-output>
          </reporter-output>
        </test-method> <!-- CheckPrepaymentsInvoice -->
        <test-method is-config="true" signature="afterMethod(org.testng.ITestResult)[pri:0, instance:test.PrepaymentInvoice@9816741]" started-at="2022-04-28T16:18:34Z" name="afterMethod" finished-at="2022-04-28T16:18:34Z" duration-ms="25" status="PASS">
          <params>
            <param index="0">
              <value>
                <![CDATA[[TestResult name=CheckPrepaymentsInvoice status=SUCCESS method=PrepaymentInvoice.CheckPrepaymentsInvoice(java.lang.String, java.lang.String, java.lang.String, java.lang.String)[pri:1, instance:test.PrepaymentInvoice@9816741] output={null}]]]>
              </value>
            </param>
          </params>
          <reporter-output>
          </reporter-output>
        </test-method> <!-- afterMethod -->
      </class> <!-- test.PrepaymentInvoice -->
    </test> <!-- PrePaymentInvoice -->
    <test started-at="2022-04-28T16:18:34Z" name="ActivateDigitalInvoice" finished-at="2022-04-28T16:19:02Z" duration-ms="28446">
      <class name="test.ActivateDigitalInvoice">
        <test-method is-config="true" signature="SetUp(org.testng.ITestContext)[pri:0, instance:test.ActivateDigitalInvoice@7d322cad]" started-at="2022-04-28T16:17:31Z" name="SetUp" finished-at="2022-04-28T16:17:40Z" duration-ms="8697" status="PASS">
          <params>
            <param index="0">
              <value>
                <![CDATA[org.testng.TestRunner@44536de4]]>
              </value>
            </param>
          </params>
          <reporter-output>
          </reporter-output>
        </test-method> <!-- SetUp -->
        <test-method is-config="true" signature="init()[pri:0, instance:test.ActivateDigitalInvoice@7d322cad]" started-at="2022-04-28T16:18:34Z" name="init" finished-at="2022-04-28T16:18:34Z" duration-ms="0" status="PASS">
          <reporter-output>
          </reporter-output>
        </test-method> <!-- init -->
        <test-method signature="NavigateToInvoiceSubscription(java.lang.String, java.lang.String, java.lang.String, java.lang.String)[pri:1, instance:test.ActivateDigitalInvoice@7d322cad]" started-at="2022-04-28T16:18:34Z" name="NavigateToInvoiceSubscription" data-provider="NavigateToInvoiceSubscriptionProvider" finished-at="2022-04-28T16:18:40Z" duration-ms="6684" status="PASS">
          <params>
            <param index="0">
              <value>
                <![CDATA[//android.view.ViewGroup/android.view.ViewGroup[1]/android.view.ViewGroup/android.widget.ImageView[2]]]>
              </value>
            </param>
            <param index="1">
              <value>
                <![CDATA[//android.widget.FrameLayout[@content-desc='Pagos']/android.widget.FrameLayout/android.widget.ImageView]]>
              </value>
            </param>
            <param index="2">
              <value>
                <![CDATA[//android.widget.TextView[@text='Mi Factura']]]>
              </value>
            </param>
            <param index="3">
              <value>
                <![CDATA[com.claro.miclaro:id/tvsuscriTitle]]>
              </value>
            </param>
          </params>
          <reporter-output>
          </reporter-output>
        </test-method> <!-- NavigateToInvoiceSubscription -->
        <test-method is-config="true" signature="afterMethod(org.testng.ITestResult)[pri:0, instance:test.ActivateDigitalInvoice@7d322cad]" started-at="2022-04-28T16:18:40Z" name="afterMethod" finished-at="2022-04-28T16:18:40Z" duration-ms="23" status="PASS">
          <params>
            <param index="0">
              <value>
                <![CDATA[[TestResult name=NavigateToInvoiceSubscription status=SUCCESS method=ActivateDigitalInvoice.NavigateToInvoiceSubscription(java.lang.String, java.lang.String, java.lang.String, java.lang.String)[pri:1, instance:test.ActivateDigitalInvoice@7d322cad] output={null}]]]>
              </value>
            </param>
          </params>
          <reporter-output>
          </reporter-output>
        </test-method> <!-- afterMethod -->
        <test-method signature="CheckDigitalInvoiceActivation(java.lang.String, java.lang.String, java.lang.String, java.lang.String, java.lang.String, java.lang.String)[pri:2, instance:test.ActivateDigitalInvoice@7d322cad]" started-at="2022-04-28T16:18:40Z" name="CheckDigitalInvoiceActivation" data-provider="CheckDigitalInvoiceActivationProvider" finished-at="2022-04-28T16:19:02Z" duration-ms="21678" status="PASS">
          <params>
            <param index="0">
              <value>
                <![CDATA[com.claro.miclaro:id/tvsuscriTitle]]>
              </value>
            </param>
            <param index="1">
              <value>
                <![CDATA[com.claro.miclaro:id/tvsuscriSubtitle]]>
              </value>
            </param>
            <param index="2">
              <value>
                <![CDATA[com.claro.miclaro:id/btnSuscribirme]]>
              </value>
            </param>
            <param index="3">
              <value>
                <![CDATA[Suscripción a Factura Digital]]>
              </value>
            </param>
            <param index="4">
              <value>
                <![CDATA[¡Cuida el medio ambiente! y suscríbete a recibir tu factura mediante correo electrónico.]]>
              </value>
            </param>
            <param index="5">
              <value>
                <![CDATA[Suscribirme]]>
              </value>
            </param>
          </params>
          <reporter-output>
          </reporter-output>
        </test-method> <!-- CheckDigitalInvoiceActivation -->
        <test-method is-config="true" signature="afterMethod(org.testng.ITestResult)[pri:0, instance:test.ActivateDigitalInvoice@7d322cad]" started-at="2022-04-28T16:19:02Z" name="afterMethod" finished-at="2022-04-28T16:19:02Z" duration-ms="18" status="PASS">
          <params>
            <param index="0">
              <value>
                <![CDATA[[TestResult name=CheckDigitalInvoiceActivation status=SUCCESS method=ActivateDigitalInvoice.CheckDigitalInvoiceActivation(java.lang.String, java.lang.String, java.lang.String, java.lang.String, java.lang.String, java.lang.String)[pri:2, instance:test.ActivateDigitalInvoice@7d322cad] output={null}]]]>
              </value>
            </param>
          </params>
          <reporter-output>
          </reporter-output>
        </test-method> <!-- afterMethod -->
        <test-method is-config="true" signature="TearDown()[pri:0, instance:test.ActivateDigitalInvoice@7d322cad]" started-at="2022-04-28T16:19:02Z" name="TearDown" finished-at="2022-04-28T16:19:02Z" duration-ms="383" status="PASS">
          <reporter-output>
          </reporter-output>
        </test-method> <!-- TearDown -->
      </class> <!-- test.ActivateDigitalInvoice -->
    </test> <!-- ActivateDigitalInvoice -->
  </suite> <!-- Invoice -->
</testng-results>
